Renderer: NVIDIA A100-SXM4-80GB/PCIe/SSE2 by NVIDIA Corporation
OpenGL version: 4.6.0 NVIDIA 545.23.08
Using optional features:
    GL_ARB_vertex_array_object
    GL_ARB_separate_shader_objects
    GL_ARB_robustness
    GL_ARB_texture_storage
    GL_ARB_texture_view
    GL_ARB_framebuffer_no_attachments
    GL_ARB_invalidate_subdata
    GL_ARB_texture_storage_multisample
    GL_ARB_multi_bind
    GL_ARB_direct_state_access
    GL_ARB_get_texture_sub_image
    GL_ARB_texture_filter_anisotropic
    GL_KHR_debug
    GL_KHR_parallel_shader_compile
    GL_NV_depth_buffer_float
Using driver workarounds:
    no-forward-compatible-core-context
    nv-egl-incorrect-gl11-function-pointers
    no-layout-qualifiers-on-old-glsl
    nv-zero-context-profile-mask
    nv-implementation-color-read-format-dsa-broken
    nv-cubemap-inconsistent-compressed-image-size
    nv-cubemap-broken-full-compressed-image-query
    nv-compressed-block-size-in-bits
No data-path provided, defaults to: ./data. Use '--data-path' to specify another location.
git clone --depth 1 --branch v1.6 https://huggingface.co/datasets/ai-habitat/ReplicaCAD_dataset.git /weka/scratch/tshu2/sye10/habitat/example_scenario_2/slurm_scripts/data/versioned_data/replica_cad_dataset
=======================================================
Dataset (replica_cad_dataset) successfully downloaded.
Source: '/weka/scratch/tshu2/sye10/habitat/example_scenario_2/slurm_scripts/data/versioned_data/replica_cad_dataset'
Symlink: '/weka/scratch/tshu2/sye10/habitat/example_scenario_2/slurm_scripts/data/replica_cad'
=======================================================
git clone --depth 1 --branch v2.0 https://huggingface.co/datasets/ai-habitat/hab_fetch.git /weka/scratch/tshu2/sye10/habitat/example_scenario_2/slurm_scripts/data/versioned_data/hab_fetch
=======================================================
Dataset (hab_fetch) successfully downloaded.
Source: '/weka/scratch/tshu2/sye10/habitat/example_scenario_2/slurm_scripts/data/versioned_data/hab_fetch'
Symlink: '/weka/scratch/tshu2/sye10/habitat/example_scenario_2/slurm_scripts/data/robots/hab_fetch'
=======================================================
git clone --depth 1 --branch main https://huggingface.co/datasets/ai-habitat/ycb.git /weka/scratch/tshu2/sye10/habitat/example_scenario_2/slurm_scripts/data/versioned_data/ycb
=======================================================
Dataset (ycb) successfully downloaded.
Source: '/weka/scratch/tshu2/sye10/habitat/example_scenario_2/slurm_scripts/data/versioned_data/ycb'
Symlink: '/weka/scratch/tshu2/sye10/habitat/example_scenario_2/slurm_scripts/data/objects/ycb'
=======================================================
=======================================================
Dataset (rearrange_pick_dataset_v0) successfully downloaded.
Source: '/weka/scratch/tshu2/sye10/habitat/example_scenario_2/slurm_scripts/data/versioned_data/rearrange_pick_dataset_v0_1.0'
Symlink: '/weka/scratch/tshu2/sye10/habitat/example_scenario_2/slurm_scripts/data/datasets/rearrange_pick/replica_cad/v0'
=======================================================
=======================================================
Dataset (rearrange_dataset_v1) successfully downloaded.
Source: '/weka/scratch/tshu2/sye10/habitat/example_scenario_2/slurm_scripts/data/versioned_data/rearrange_dataset_v1_1.0'
Symlink: '/weka/scratch/tshu2/sye10/habitat/example_scenario_2/slurm_scripts/data/datasets/replica_cad/rearrange'
=======================================================
